<?xml version="1.0" encoding="UTF-8"?>
<!-- Generated by org.testng.reporters.JUnitReportReporter -->
<testsuite hostname="bmdvrohitjai" name="com.serviceTest.LoginTest" tests="1" failures="0" timestamp="7 Sep 2017 03:36:17 GMT" time="9.780" errors="0">
  <testcase name="loginTest" time="9.780" classname="com.serviceTest.LoginTest"/>
</testsuite> <!-- com.serviceTest.LoginTest -->
